2026-07-01T23:51:25.723Z launch: Executable doesn't exist at /Users/yudengcheng/Library/Caches/ms-playwright/chromium_headless_shell-1208/chrome-headless-shell-mac-x64/chrome-headless-shell
╔═════════════════════════════════════════════════════════════════════════╗
║ Looks like Playwright Test or Playwright was just installed or updated. ║
║ Please run the following command to download new browsers:              ║
║                                                                         ║
║     npx playwright install                                              ║
║                                                                         ║
║ <3 Playwright Team                                                      ║
╚═════════════════════════════════════════════════════════════════════════╝
launch: Executable doesn't exist at /Users/yudengcheng/Library/Caches/ms-playwright/chromium_headless_shell-1208/chrome-headless-shell-mac-x64/chrome-headless-shell
╔═════════════════════════════════════════════════════════════════════════╗
║ Looks like Playwright Test or Playwright was just installed or updated. ║
║ Please run the following command to download new browsers:              ║
║                                                                         ║
║     npx playwright install                                              ║
║                                                                         ║
║ <3 Playwright Team                                                      ║
╚═════════════════════════════════════════════════════════════════════════╝
    at launch (/Users/yudengcheng/.cc-switch/skills/gstack/browse/src/browser-manager.ts:203:35)
    at start (/Users/yudengcheng/.cc-switch/skills/gstack/browse/src/server.ts:1032:28)
    at processTicksAndRejections (native:7:39)
